/home/3507145@eeecs.qub.ac.uk/Documents/ColavProject/colav_ws/src/colav_server/colav_gateway/install/colav_gateway/lib/python3.10/site-packages/colav_gateway/execute_mission_interface_node.py
/home/3507145@eeecs.qub.ac.uk/Documents/ColavProject/colav_ws/src/colav_server/colav_gateway/install/colav_gateway/lib/python3.10/site-packages/colav_gateway/execute_controller_interface_node.py
/home/3507145@eeecs.qub.ac.uk/Documents/ColavProject/colav_ws/src/colav_server/colav_gateway/install/colav_gateway/lib/python3.10/site-packages/colav_gateway/__init__.py
/home/3507145@eeecs.qub.ac.uk/Documents/ColavProject/colav_ws/src/colav_server/colav_gateway/install/colav_gateway/lib/python3.10/site-packages/colav_gateway/gateway_launch.py
/home/3507145@eeecs.qub.ac.uk/Documents/ColavProject/colav_ws/src/colav_server/colav_gateway/install/colav_gateway/lib/python3.10/site-packages/utils/msg_validation_utils.py
/home/3507145@eeecs.qub.ac.uk/Documents/ColavProject/colav_ws/src/colav_server/colav_gateway/install/colav_gateway/lib/python3.10/site-packages/utils/config_extractor_utils.py
/home/3507145@eeecs.qub.ac.uk/Documents/ColavProject/colav_ws/src/colav_server/colav_gateway/install/colav_gateway/lib/python3.10/site-packages/utils/proto_ros_converter_utils.py
/home/3507145@eeecs.qub.ac.uk/Documents/ColavProject/colav_ws/src/colav_server/colav_gateway/install/colav_gateway/lib/python3.10/site-packages/utils/__init__.py
/home/3507145@eeecs.qub.ac.uk/Documents/ColavProject/colav_ws/src/colav_server/colav_gateway/install/colav_gateway/lib/python3.10/site-packages/utils/udp_socket_utils.py
/home/3507145@eeecs.qub.ac.uk/Documents/ColavProject/colav_ws/src/colav_server/colav_gateway/install/colav_gateway/lib/python3.10/site-packages/scripts/controller_interface_node.py
/home/3507145@eeecs.qub.ac.uk/Documents/ColavProject/colav_ws/src/colav_server/colav_gateway/install/colav_gateway/lib/python3.10/site-packages/scripts/__init__.py
/home/3507145@eeecs.qub.ac.uk/Documents/ColavProject/colav_ws/src/colav_server/colav_gateway/install/colav_gateway/lib/python3.10/site-packages/scripts/mission_interface_node.py
/home/3507145@eeecs.qub.ac.uk/Documents/ColavProject/colav_ws/src/colav_server/colav_gateway/install/colav_gateway/lib/python3.10/site-packages/colav_gateway/__pycache__/execute_mission_interface_node.cpython-310.pyc
/home/3507145@eeecs.qub.ac.uk/Documents/ColavProject/colav_ws/src/colav_server/colav_gateway/install/colav_gateway/lib/python3.10/site-packages/colav_gateway/__pycache__/execute_controller_interface_node.cpython-310.pyc
/home/3507145@eeecs.qub.ac.uk/Documents/ColavProject/colav_ws/src/colav_server/colav_gateway/install/colav_gateway/lib/python3.10/site-packages/colav_gateway/__pycache__/__init__.cpython-310.pyc
/home/3507145@eeecs.qub.ac.uk/Documents/ColavProject/colav_ws/src/colav_server/colav_gateway/install/colav_gateway/lib/python3.10/site-packages/colav_gateway/__pycache__/gateway_launch.cpython-310.pyc
/home/3507145@eeecs.qub.ac.uk/Documents/ColavProject/colav_ws/src/colav_server/colav_gateway/install/colav_gateway/lib/python3.10/site-packages/utils/__pycache__/msg_validation_utils.cpython-310.pyc
/home/3507145@eeecs.qub.ac.uk/Documents/ColavProject/colav_ws/src/colav_server/colav_gateway/install/colav_gateway/lib/python3.10/site-packages/utils/__pycache__/config_extractor_utils.cpython-310.pyc
/home/3507145@eeecs.qub.ac.uk/Documents/ColavProject/colav_ws/src/colav_server/colav_gateway/install/colav_gateway/lib/python3.10/site-packages/utils/__pycache__/proto_ros_converter_utils.cpython-310.pyc
/home/3507145@eeecs.qub.ac.uk/Documents/ColavProject/colav_ws/src/colav_server/colav_gateway/install/colav_gateway/lib/python3.10/site-packages/utils/__pycache__/__init__.cpython-310.pyc
/home/3507145@eeecs.qub.ac.uk/Documents/ColavProject/colav_ws/src/colav_server/colav_gateway/install/colav_gateway/lib/python3.10/site-packages/utils/__pycache__/udp_socket_utils.cpython-310.pyc
/home/3507145@eeecs.qub.ac.uk/Documents/ColavProject/colav_ws/src/colav_server/colav_gateway/install/colav_gateway/lib/python3.10/site-packages/scripts/__pycache__/controller_interface_node.cpython-310.pyc
/home/3507145@eeecs.qub.ac.uk/Documents/ColavProject/colav_ws/src/colav_server/colav_gateway/install/colav_gateway/lib/python3.10/site-packages/scripts/__pycache__/__init__.cpython-310.pyc
/home/3507145@eeecs.qub.ac.uk/Documents/ColavProject/colav_ws/src/colav_server/colav_gateway/install/colav_gateway/lib/python3.10/site-packages/scripts/__pycache__/mission_interface_node.cpython-310.pyc
/home/3507145@eeecs.qub.ac.uk/Documents/ColavProject/colav_ws/src/colav_server/colav_gateway/install/colav_gateway/share/ament_index/resource_index/packages/colav_gateway
/home/3507145@eeecs.qub.ac.uk/Documents/ColavProject/colav_ws/src/colav_server/colav_gateway/install/colav_gateway/share/colav_gateway/package.xml
/home/3507145@eeecs.qub.ac.uk/Documents/ColavProject/colav_ws/src/colav_server/colav_gateway/install/colav_gateway/share/colav_gateway/colav_gateway.launch.py
/home/3507145@eeecs.qub.ac.uk/Documents/ColavProject/colav_ws/src/colav_server/colav_gateway/install/colav_gateway/share/colav_gateway/endpoint_config.yml
/home/3507145@eeecs.qub.ac.uk/Documents/ColavProject/colav_ws/src/colav_server/colav_gateway/install/colav_gateway/lib/python3.10/site-packages/colav_gateway-0.0.1-py3.10.egg-info/PKG-INFO
/home/3507145@eeecs.qub.ac.uk/Documents/ColavProject/colav_ws/src/colav_server/colav_gateway/install/colav_gateway/lib/python3.10/site-packages/colav_gateway-0.0.1-py3.10.egg-info/dependency_links.txt
/home/3507145@eeecs.qub.ac.uk/Documents/ColavProject/colav_ws/src/colav_server/colav_gateway/install/colav_gateway/lib/python3.10/site-packages/colav_gateway-0.0.1-py3.10.egg-info/zip-safe
/home/3507145@eeecs.qub.ac.uk/Documents/ColavProject/colav_ws/src/colav_server/colav_gateway/install/colav_gateway/lib/python3.10/site-packages/colav_gateway-0.0.1-py3.10.egg-info/top_level.txt
/home/3507145@eeecs.qub.ac.uk/Documents/ColavProject/colav_ws/src/colav_server/colav_gateway/install/colav_gateway/lib/python3.10/site-packages/colav_gateway-0.0.1-py3.10.egg-info/requires.txt
/home/3507145@eeecs.qub.ac.uk/Documents/ColavProject/colav_ws/src/colav_server/colav_gateway/install/colav_gateway/lib/python3.10/site-packages/colav_gateway-0.0.1-py3.10.egg-info/entry_points.txt
/home/3507145@eeecs.qub.ac.uk/Documents/ColavProject/colav_ws/src/colav_server/colav_gateway/install/colav_gateway/lib/python3.10/site-packages/colav_gateway-0.0.1-py3.10.egg-info/SOURCES.txt
/home/3507145@eeecs.qub.ac.uk/Documents/ColavProject/colav_ws/src/colav_server/colav_gateway/install/colav_gateway/lib/colav_gateway/controller_interface_node
/home/3507145@eeecs.qub.ac.uk/Documents/ColavProject/colav_ws/src/colav_server/colav_gateway/install/colav_gateway/lib/colav_gateway/mission_interface_node
