[0.404s] Invoking command in '/home/3507145@eeecs.qub.ac.uk/Documents/ColavProject/colav_ws/src/colav_server/colav_gateway': PYTHONPATH=/home/3507145@eeecs.qub.ac.uk/Documents/ColavProject/colav_ws/src/colav_server/colav_gateway/build/colav_gateway/prefix_override:/usr/lib/python3/dist-packages/colcon_core/task/python/colcon_distutils_commands:/home/3507145@eeecs.qub.ac.uk/Documents/ColavProject/colav_ws/src/colav_server/colav_gateway/install/colav_gateway/lib/python3.10/site-packages:${PYTHONPATH} /usr/bin/python3 -W ignore:setup.py install is deprecated -W ignore:easy_install command is deprecated setup.py egg_info --egg-base build/colav_gateway build --build-base /home/3507145@eeecs.qub.ac.uk/Documents/ColavProject/colav_ws/src/colav_server/colav_gateway/build/colav_gateway/build install --record /home/3507145@eeecs.qub.ac.uk/Documents/ColavProject/colav_ws/src/colav_server/colav_gateway/build/colav_gateway/install.log --single-version-externally-managed install_data
[0.587s] running egg_info
[0.588s] creating build/colav_gateway/colav_gateway.egg-info
[0.588s] writing build/colav_gateway/colav_gateway.egg-info/PKG-INFO
[0.588s] writing dependency_links to build/colav_gateway/colav_gateway.egg-info/dependency_links.txt
[0.588s] writing entry points to build/colav_gateway/colav_gateway.egg-info/entry_points.txt
[0.588s] writing requirements to build/colav_gateway/colav_gateway.egg-info/requires.txt
[0.588s] writing top-level names to build/colav_gateway/colav_gateway.egg-info/top_level.txt
[0.588s] writing manifest file 'build/colav_gateway/colav_gateway.egg-info/SOURCES.txt'
[0.589s] reading manifest file 'build/colav_gateway/colav_gateway.egg-info/SOURCES.txt'
[0.590s] writing manifest file 'build/colav_gateway/colav_gateway.egg-info/SOURCES.txt'
[0.590s] running build
[0.590s] running build_py
[0.590s] creating /home/3507145@eeecs.qub.ac.uk/Documents/ColavProject/colav_ws/src/colav_server/colav_gateway/build/colav_gateway/build
[0.590s] creating /home/3507145@eeecs.qub.ac.uk/Documents/ColavProject/colav_ws/src/colav_server/colav_gateway/build/colav_gateway/build/lib
[0.590s] creating /home/3507145@eeecs.qub.ac.uk/Documents/ColavProject/colav_ws/src/colav_server/colav_gateway/build/colav_gateway/build/lib/colav_gateway
[0.590s] copying colav_gateway/execute_mission_interface_node.py -> /home/3507145@eeecs.qub.ac.uk/Documents/ColavProject/colav_ws/src/colav_server/colav_gateway/build/colav_gateway/build/lib/colav_gateway
[0.590s] copying colav_gateway/execute_controller_interface_node.py -> /home/3507145@eeecs.qub.ac.uk/Documents/ColavProject/colav_ws/src/colav_server/colav_gateway/build/colav_gateway/build/lib/colav_gateway
[0.590s] copying colav_gateway/__init__.py -> /home/3507145@eeecs.qub.ac.uk/Documents/ColavProject/colav_ws/src/colav_server/colav_gateway/build/colav_gateway/build/lib/colav_gateway
[0.590s] copying colav_gateway/gateway_launch.py -> /home/3507145@eeecs.qub.ac.uk/Documents/ColavProject/colav_ws/src/colav_server/colav_gateway/build/colav_gateway/build/lib/colav_gateway
[0.590s] creating /home/3507145@eeecs.qub.ac.uk/Documents/ColavProject/colav_ws/src/colav_server/colav_gateway/build/colav_gateway/build/lib/utils
[0.590s] copying utils/msg_validation_utils.py -> /home/3507145@eeecs.qub.ac.uk/Documents/ColavProject/colav_ws/src/colav_server/colav_gateway/build/colav_gateway/build/lib/utils
[0.590s] copying utils/config_extractor_utils.py -> /home/3507145@eeecs.qub.ac.uk/Documents/ColavProject/colav_ws/src/colav_server/colav_gateway/build/colav_gateway/build/lib/utils
[0.590s] copying utils/proto_ros_converter_utils.py -> /home/3507145@eeecs.qub.ac.uk/Documents/ColavProject/colav_ws/src/colav_server/colav_gateway/build/colav_gateway/build/lib/utils
[0.591s] copying utils/__init__.py -> /home/3507145@eeecs.qub.ac.uk/Documents/ColavProject/colav_ws/src/colav_server/colav_gateway/build/colav_gateway/build/lib/utils
[0.591s] copying utils/udp_socket_utils.py -> /home/3507145@eeecs.qub.ac.uk/Documents/ColavProject/colav_ws/src/colav_server/colav_gateway/build/colav_gateway/build/lib/utils
[0.591s] creating /home/3507145@eeecs.qub.ac.uk/Documents/ColavProject/colav_ws/src/colav_server/colav_gateway/build/colav_gateway/build/lib/scripts
[0.591s] copying scripts/controller_interface_node.py -> /home/3507145@eeecs.qub.ac.uk/Documents/ColavProject/colav_ws/src/colav_server/colav_gateway/build/colav_gateway/build/lib/scripts
[0.591s] copying scripts/__init__.py -> /home/3507145@eeecs.qub.ac.uk/Documents/ColavProject/colav_ws/src/colav_server/colav_gateway/build/colav_gateway/build/lib/scripts
[0.591s] copying scripts/mission_interface_node.py -> /home/3507145@eeecs.qub.ac.uk/Documents/ColavProject/colav_ws/src/colav_server/colav_gateway/build/colav_gateway/build/lib/scripts
[0.591s] running install
[0.591s] running install_lib
[0.592s] creating /home/3507145@eeecs.qub.ac.uk/Documents/ColavProject/colav_ws/src/colav_server/colav_gateway/install/colav_gateway/lib/python3.10/site-packages/colav_gateway
[0.592s] copying /home/3507145@eeecs.qub.ac.uk/Documents/ColavProject/colav_ws/src/colav_server/colav_gateway/build/colav_gateway/build/lib/colav_gateway/execute_mission_interface_node.py -> /home/3507145@eeecs.qub.ac.uk/Documents/ColavProject/colav_ws/src/colav_server/colav_gateway/install/colav_gateway/lib/python3.10/site-packages/colav_gateway
[0.592s] copying /home/3507145@eeecs.qub.ac.uk/Documents/ColavProject/colav_ws/src/colav_server/colav_gateway/build/colav_gateway/build/lib/colav_gateway/execute_controller_interface_node.py -> /home/3507145@eeecs.qub.ac.uk/Documents/ColavProject/colav_ws/src/colav_server/colav_gateway/install/colav_gateway/lib/python3.10/site-packages/colav_gateway
[0.592s] copying /home/3507145@eeecs.qub.ac.uk/Documents/ColavProject/colav_ws/src/colav_server/colav_gateway/build/colav_gateway/build/lib/colav_gateway/__init__.py -> /home/3507145@eeecs.qub.ac.uk/Documents/ColavProject/colav_ws/src/colav_server/colav_gateway/install/colav_gateway/lib/python3.10/site-packages/colav_gateway
[0.592s] copying /home/3507145@eeecs.qub.ac.uk/Documents/ColavProject/colav_ws/src/colav_server/colav_gateway/build/colav_gateway/build/lib/colav_gateway/gateway_launch.py -> /home/3507145@eeecs.qub.ac.uk/Documents/ColavProject/colav_ws/src/colav_server/colav_gateway/install/colav_gateway/lib/python3.10/site-packages/colav_gateway
[0.592s] creating /home/3507145@eeecs.qub.ac.uk/Documents/ColavProject/colav_ws/src/colav_server/colav_gateway/install/colav_gateway/lib/python3.10/site-packages/utils
[0.592s] copying /home/3507145@eeecs.qub.ac.uk/Documents/ColavProject/colav_ws/src/colav_server/colav_gateway/build/colav_gateway/build/lib/utils/msg_validation_utils.py -> /home/3507145@eeecs.qub.ac.uk/Documents/ColavProject/colav_ws/src/colav_server/colav_gateway/install/colav_gateway/lib/python3.10/site-packages/utils
[0.592s] copying /home/3507145@eeecs.qub.ac.uk/Documents/ColavProject/colav_ws/src/colav_server/colav_gateway/build/colav_gateway/build/lib/utils/config_extractor_utils.py -> /home/3507145@eeecs.qub.ac.uk/Documents/ColavProject/colav_ws/src/colav_server/colav_gateway/install/colav_gateway/lib/python3.10/site-packages/utils
[0.592s] copying /home/3507145@eeecs.qub.ac.uk/Documents/ColavProject/colav_ws/src/colav_server/colav_gateway/build/colav_gateway/build/lib/utils/proto_ros_converter_utils.py -> /home/3507145@eeecs.qub.ac.uk/Documents/ColavProject/colav_ws/src/colav_server/colav_gateway/install/colav_gateway/lib/python3.10/site-packages/utils
[0.592s] copying /home/3507145@eeecs.qub.ac.uk/Documents/ColavProject/colav_ws/src/colav_server/colav_gateway/build/colav_gateway/build/lib/utils/__init__.py -> /home/3507145@eeecs.qub.ac.uk/Documents/ColavProject/colav_ws/src/colav_server/colav_gateway/install/colav_gateway/lib/python3.10/site-packages/utils
[0.592s] copying /home/3507145@eeecs.qub.ac.uk/Documents/ColavProject/colav_ws/src/colav_server/colav_gateway/build/colav_gateway/build/lib/utils/udp_socket_utils.py -> /home/3507145@eeecs.qub.ac.uk/Documents/ColavProject/colav_ws/src/colav_server/colav_gateway/install/colav_gateway/lib/python3.10/site-packages/utils
[0.592s] creating /home/3507145@eeecs.qub.ac.uk/Documents/ColavProject/colav_ws/src/colav_server/colav_gateway/install/colav_gateway/lib/python3.10/site-packages/scripts
[0.592s] copying /home/3507145@eeecs.qub.ac.uk/Documents/ColavProject/colav_ws/src/colav_server/colav_gateway/build/colav_gateway/build/lib/scripts/controller_interface_node.py -> /home/3507145@eeecs.qub.ac.uk/Documents/ColavProject/colav_ws/src/colav_server/colav_gateway/install/colav_gateway/lib/python3.10/site-packages/scripts
[0.592s] copying /home/3507145@eeecs.qub.ac.uk/Documents/ColavProject/colav_ws/src/colav_server/colav_gateway/build/colav_gateway/build/lib/scripts/__init__.py -> /home/3507145@eeecs.qub.ac.uk/Documents/ColavProject/colav_ws/src/colav_server/colav_gateway/install/colav_gateway/lib/python3.10/site-packages/scripts
[0.592s] copying /home/3507145@eeecs.qub.ac.uk/Documents/ColavProject/colav_ws/src/colav_server/colav_gateway/build/colav_gateway/build/lib/scripts/mission_interface_node.py -> /home/3507145@eeecs.qub.ac.uk/Documents/ColavProject/colav_ws/src/colav_server/colav_gateway/install/colav_gateway/lib/python3.10/site-packages/scripts
[0.593s] byte-compiling /home/3507145@eeecs.qub.ac.uk/Documents/ColavProject/colav_ws/src/colav_server/colav_gateway/install/colav_gateway/lib/python3.10/site-packages/colav_gateway/execute_mission_interface_node.py to execute_mission_interface_node.cpython-310.pyc
[0.593s] byte-compiling /home/3507145@eeecs.qub.ac.uk/Documents/ColavProject/colav_ws/src/colav_server/colav_gateway/install/colav_gateway/lib/python3.10/site-packages/colav_gateway/execute_controller_interface_node.py to execute_controller_interface_node.cpython-310.pyc
[0.593s] byte-compiling /home/3507145@eeecs.qub.ac.uk/Documents/ColavProject/colav_ws/src/colav_server/colav_gateway/install/colav_gateway/lib/python3.10/site-packages/colav_gateway/__init__.py to __init__.cpython-310.pyc
[0.593s] byte-compiling /home/3507145@eeecs.qub.ac.uk/Documents/ColavProject/colav_ws/src/colav_server/colav_gateway/install/colav_gateway/lib/python3.10/site-packages/colav_gateway/gateway_launch.py to gateway_launch.cpython-310.pyc
[0.594s] byte-compiling /home/3507145@eeecs.qub.ac.uk/Documents/ColavProject/colav_ws/src/colav_server/colav_gateway/install/colav_gateway/lib/python3.10/site-packages/utils/msg_validation_utils.py to msg_validation_utils.cpython-310.pyc
[0.594s] byte-compiling /home/3507145@eeecs.qub.ac.uk/Documents/ColavProject/colav_ws/src/colav_server/colav_gateway/install/colav_gateway/lib/python3.10/site-packages/utils/config_extractor_utils.py to config_extractor_utils.cpython-310.pyc
[0.594s] byte-compiling /home/3507145@eeecs.qub.ac.uk/Documents/ColavProject/colav_ws/src/colav_server/colav_gateway/install/colav_gateway/lib/python3.10/site-packages/utils/proto_ros_converter_utils.py to proto_ros_converter_utils.cpython-310.pyc
[0.595s] byte-compiling /home/3507145@eeecs.qub.ac.uk/Documents/ColavProject/colav_ws/src/colav_server/colav_gateway/install/colav_gateway/lib/python3.10/site-packages/utils/__init__.py to __init__.cpython-310.pyc
[0.595s] byte-compiling /home/3507145@eeecs.qub.ac.uk/Documents/ColavProject/colav_ws/src/colav_server/colav_gateway/install/colav_gateway/lib/python3.10/site-packages/utils/udp_socket_utils.py to udp_socket_utils.cpython-310.pyc
[0.595s] byte-compiling /home/3507145@eeecs.qub.ac.uk/Documents/ColavProject/colav_ws/src/colav_server/colav_gateway/install/colav_gateway/lib/python3.10/site-packages/scripts/controller_interface_node.py to controller_interface_node.cpython-310.pyc
[0.596s] byte-compiling /home/3507145@eeecs.qub.ac.uk/Documents/ColavProject/colav_ws/src/colav_server/colav_gateway/install/colav_gateway/lib/python3.10/site-packages/scripts/__init__.py to __init__.cpython-310.pyc
[0.596s] byte-compiling /home/3507145@eeecs.qub.ac.uk/Documents/ColavProject/colav_ws/src/colav_server/colav_gateway/install/colav_gateway/lib/python3.10/site-packages/scripts/mission_interface_node.py to mission_interface_node.cpython-310.pyc
[0.597s] running install_data
[0.597s] creating /home/3507145@eeecs.qub.ac.uk/Documents/ColavProject/colav_ws/src/colav_server/colav_gateway/install/colav_gateway/share/ament_index
[0.597s] creating /home/3507145@eeecs.qub.ac.uk/Documents/ColavProject/colav_ws/src/colav_server/colav_gateway/install/colav_gateway/share/ament_index/resource_index
[0.597s] creating /home/3507145@eeecs.qub.ac.uk/Documents/ColavProject/colav_ws/src/colav_server/colav_gateway/install/colav_gateway/share/ament_index/resource_index/packages
[0.597s] copying resource/colav_gateway -> /home/3507145@eeecs.qub.ac.uk/Documents/ColavProject/colav_ws/src/colav_server/colav_gateway/install/colav_gateway/share/ament_index/resource_index/packages
[0.597s] copying package.xml -> /home/3507145@eeecs.qub.ac.uk/Documents/ColavProject/colav_ws/src/colav_server/colav_gateway/install/colav_gateway/share/colav_gateway
[0.597s] copying launch/colav_gateway.launch.py -> /home/3507145@eeecs.qub.ac.uk/Documents/ColavProject/colav_ws/src/colav_server/colav_gateway/install/colav_gateway/share/colav_gateway
[0.597s] copying config/endpoint_config.yml -> /home/3507145@eeecs.qub.ac.uk/Documents/ColavProject/colav_ws/src/colav_server/colav_gateway/install/colav_gateway/share/colav_gateway
[0.597s] running install_egg_info
[0.599s] Copying build/colav_gateway/colav_gateway.egg-info to /home/3507145@eeecs.qub.ac.uk/Documents/ColavProject/colav_ws/src/colav_server/colav_gateway/install/colav_gateway/lib/python3.10/site-packages/colav_gateway-0.0.1-py3.10.egg-info
[0.600s] running install_scripts
[0.614s] Installing controller_interface_node script to /home/3507145@eeecs.qub.ac.uk/Documents/ColavProject/colav_ws/src/colav_server/colav_gateway/install/colav_gateway/lib/colav_gateway
[0.614s] Installing mission_interface_node script to /home/3507145@eeecs.qub.ac.uk/Documents/ColavProject/colav_ws/src/colav_server/colav_gateway/install/colav_gateway/lib/colav_gateway
[0.615s] writing list of installed files to '/home/3507145@eeecs.qub.ac.uk/Documents/ColavProject/colav_ws/src/colav_server/colav_gateway/build/colav_gateway/install.log'
[0.633s] Invoked command in '/home/3507145@eeecs.qub.ac.uk/Documents/ColavProject/colav_ws/src/colav_server/colav_gateway' returned '0': PYTHONPATH=/home/3507145@eeecs.qub.ac.uk/Documents/ColavProject/colav_ws/src/colav_server/colav_gateway/build/colav_gateway/prefix_override:/usr/lib/python3/dist-packages/colcon_core/task/python/colcon_distutils_commands:/home/3507145@eeecs.qub.ac.uk/Documents/ColavProject/colav_ws/src/colav_server/colav_gateway/install/colav_gateway/lib/python3.10/site-packages:${PYTHONPATH} /usr/bin/python3 -W ignore:setup.py install is deprecated -W ignore:easy_install command is deprecated setup.py egg_info --egg-base build/colav_gateway build --build-base /home/3507145@eeecs.qub.ac.uk/Documents/ColavProject/colav_ws/src/colav_server/colav_gateway/build/colav_gateway/build install --record /home/3507145@eeecs.qub.ac.uk/Documents/ColavProject/colav_ws/src/colav_server/colav_gateway/build/colav_gateway/install.log --single-version-externally-managed install_data
