[0.068s] DEBUG:colcon:Command line arguments: ['/usr/bin/colcon', 'build']
[0.068s] DEBUG:colcon:Parsed command line arguments: Namespace(log_base=None, log_level=None, verb_name='build', build_base='build', install_base='install', merge_install=False, symlink_install=False, test_result_base=None, continue_on_error=False, executor='parallel', parallel_workers=8, event_handlers=None, ignore_user_meta=False, metas=['./colcon.meta'], base_paths=['.'], packages_ignore=None, packages_ignore_regex=None, paths=None, packages_up_to=None, packages_up_to_regex=None, packages_above=None, packages_above_and_dependencies=None, packages_above_depth=None, packages_select_by_dep=None, packages_skip_by_dep=None, packages_skip_up_to=None, packages_select_build_failed=False, packages_skip_build_finished=False, packages_select_test_failures=False, packages_skip_test_passed=False, packages_select=None, packages_skip=None, packages_select_regex=None, packages_skip_regex=None, packages_start=None, packages_end=None, allow_overriding=[], cmake_args=None, cmake_target=None, cmake_target_skip_unavailable=False, cmake_clean_cache=False, cmake_clean_first=False, cmake_force_configure=False, ament_cmake_args=None, catkin_cmake_args=None, catkin_skip_building_tests=False, verb_parser=<colcon_defaults.argument_parser.defaults.DefaultArgumentsDecorator object at 0x74e0abaebf70>, verb_extension=<colcon_core.verb.build.BuildVerb object at 0x74e0abaeb8b0>, main=<bound method BuildVerb.main of <colcon_core.verb.build.BuildVerb object at 0x74e0abaeb8b0>>)
[0.171s] Level 1:colcon.colcon_core.package_discovery:discover_packages(colcon_meta) check parameters
[0.171s] Level 1:colcon.colcon_core.package_discovery:discover_packages(recursive) check parameters
[0.171s] Level 1:colcon.colcon_core.package_discovery:discover_packages(ignore) check parameters
[0.171s] Level 1:colcon.colcon_core.package_discovery:discover_packages(path) check parameters
[0.171s] Level 1:colcon.colcon_core.package_discovery:discover_packages(colcon_meta) discover
[0.171s] Level 1:colcon.colcon_core.package_discovery:discover_packages(recursive) discover
[0.171s] INFO:colcon.colcon_core.package_discovery:Crawling recursively for packages in '/home/3507145@eeecs.qub.ac.uk/Documents/ColavProject/colav_ws/src/colav_server/colav_gateway'
[0.171s] Level 1:colcon.colcon_core.package_identification:_identify(.) by extensions ['ignore', 'ignore_ament_install']
[0.171s] Level 1:colcon.colcon_core.package_identification:_identify(.) by extension 'ignore'
[0.171s] Level 1:colcon.colcon_core.package_identification:_identify(.) by extension 'ignore_ament_install'
[0.171s] Level 1:colcon.colcon_core.package_identification:_identify(.) by extensions ['colcon_pkg']
[0.171s] Level 1:colcon.colcon_core.package_identification:_identify(.) by extension 'colcon_pkg'
[0.171s] Level 1:colcon.colcon_core.package_identification:_identify(.) by extensions ['colcon_meta']
[0.171s] Level 1:colcon.colcon_core.package_identification:_identify(.) by extension 'colcon_meta'
[0.171s] Level 1:colcon.colcon_core.package_identification:_identify(.) by extensions ['ros']
[0.171s] Level 1:colcon.colcon_core.package_identification:_identify(.) by extension 'ros'
[0.181s] DEBUG:colcon.colcon_core.package_identification:Package '.' with type 'ros.ament_python' and name 'colav_gateway'
[0.181s] Level 1:colcon.colcon_core.package_discovery:discover_packages(recursive) using defaults
[0.181s] Level 1:colcon.colcon_core.package_discovery:discover_packages(ignore) discover
[0.181s] Level 1:colcon.colcon_core.package_discovery:discover_packages(ignore) using defaults
[0.181s] Level 1:colcon.colcon_core.package_discovery:discover_packages(path) discover
[0.181s] Level 1:colcon.colcon_core.package_discovery:discover_packages(path) using defaults
[0.194s] Level 1:colcon.colcon_core.package_discovery:discover_packages(prefix_path) check parameters
[0.194s] Level 1:colcon.colcon_core.package_discovery:discover_packages(prefix_path) discover
[0.195s] DEBUG:colcon.colcon_installed_package_information.package_discovery:Found 2 installed packages in /home/3507145@eeecs.qub.ac.uk/Documents/ColavProject/colav_ws/install
[0.196s] DEBUG:colcon.colcon_installed_package_information.package_discovery:Found 1 installed packages in /home/3507145@eeecs.qub.ac.uk/colav_ws/install
[0.197s] DEBUG:colcon.colcon_installed_package_information.package_discovery:Found 271 installed packages in /opt/ros/humble
[0.205s] Level 1:colcon.colcon_core.package_discovery:discover_packages(prefix_path) using defaults
[0.228s] Level 5:colcon.colcon_core.verb:set package 'colav_gateway' build argument 'cmake_args' from command line to 'None'
[0.228s] Level 5:colcon.colcon_core.verb:set package 'colav_gateway' build argument 'cmake_target' from command line to 'None'
[0.228s] Level 5:colcon.colcon_core.verb:set package 'colav_gateway' build argument 'cmake_target_skip_unavailable' from command line to 'False'
[0.228s] Level 5:colcon.colcon_core.verb:set package 'colav_gateway' build argument 'cmake_clean_cache' from command line to 'False'
[0.228s] Level 5:colcon.colcon_core.verb:set package 'colav_gateway' build argument 'cmake_clean_first' from command line to 'False'
[0.228s] Level 5:colcon.colcon_core.verb:set package 'colav_gateway' build argument 'cmake_force_configure' from command line to 'False'
[0.228s] Level 5:colcon.colcon_core.verb:set package 'colav_gateway' build argument 'ament_cmake_args' from command line to 'None'
[0.228s] Level 5:colcon.colcon_core.verb:set package 'colav_gateway' build argument 'catkin_cmake_args' from command line to 'None'
[0.228s] Level 5:colcon.colcon_core.verb:set package 'colav_gateway' build argument 'catkin_skip_building_tests' from command line to 'False'
[0.228s] DEBUG:colcon.colcon_core.verb:Building package 'colav_gateway' with the following arguments: {'ament_cmake_args': None, 'build_base': '/home/3507145@eeecs.qub.ac.uk/Documents/ColavProject/colav_ws/src/colav_server/colav_gateway/build/colav_gateway', 'catkin_cmake_args': None, 'catkin_skip_building_tests': False, 'cmake_args': None, 'cmake_clean_cache': False, 'cmake_clean_first': False, 'cmake_force_configure': False, 'cmake_target': None, 'cmake_target_skip_unavailable': False, 'install_base': '/home/3507145@eeecs.qub.ac.uk/Documents/ColavProject/colav_ws/src/colav_server/colav_gateway/install/colav_gateway', 'merge_install': False, 'path': '/home/3507145@eeecs.qub.ac.uk/Documents/ColavProject/colav_ws/src/colav_server/colav_gateway', 'symlink_install': False, 'test_result_base': None}
[0.228s] INFO:colcon.colcon_core.executor:Executing jobs using 'parallel' executor
[0.229s] DEBUG:colcon.colcon_parallel_executor.executor.parallel:run_until_complete
[0.229s] INFO:colcon.colcon_ros.task.ament_python.build:Building ROS package in '/home/3507145@eeecs.qub.ac.uk/Documents/ColavProject/colav_ws/src/colav_server/colav_gateway' with build type 'ament_python'
[0.229s] Level 1:colcon.colcon_core.shell:create_environment_hook('colav_gateway', 'ament_prefix_path')
[0.231s] INFO:colcon.colcon_core.plugin_system:Skipping extension 'colcon_core.shell.bat': Not used on non-Windows systems
[0.231s] INFO:colcon.colcon_core.shell:Creating environment hook '/home/3507145@eeecs.qub.ac.uk/Documents/ColavProject/colav_ws/src/colav_server/colav_gateway/install/colav_gateway/share/colav_gateway/hook/ament_prefix_path.ps1'
[0.232s] INFO:colcon.colcon_core.shell:Creating environment descriptor '/home/3507145@eeecs.qub.ac.uk/Documents/ColavProject/colav_ws/src/colav_server/colav_gateway/install/colav_gateway/share/colav_gateway/hook/ament_prefix_path.dsv'
[0.232s] INFO:colcon.colcon_core.shell:Creating environment hook '/home/3507145@eeecs.qub.ac.uk/Documents/ColavProject/colav_ws/src/colav_server/colav_gateway/install/colav_gateway/share/colav_gateway/hook/ament_prefix_path.sh'
[0.232s] INFO:colcon.colcon_core.shell:Skip shell extension 'powershell' for command environment: Not usable outside of PowerShell
[0.232s] DEBUG:colcon.colcon_core.shell:Skip shell extension 'dsv' for command environment
[0.404s] INFO:colcon.colcon_core.task.python.build:Building Python package in '/home/3507145@eeecs.qub.ac.uk/Documents/ColavProject/colav_ws/src/colav_server/colav_gateway'
[0.404s] INFO:colcon.colcon_core.shell:Skip shell extension 'powershell' for command environment: Not usable outside of PowerShell
[0.404s] DEBUG:colcon.colcon_core.shell:Skip shell extension 'dsv' for command environment
[0.633s] DEBUG:colcon.colcon_core.event_handler.log_command:Invoking command in '/home/3507145@eeecs.qub.ac.uk/Documents/ColavProject/colav_ws/src/colav_server/colav_gateway': PYTHONPATH=/home/3507145@eeecs.qub.ac.uk/Documents/ColavProject/colav_ws/src/colav_server/colav_gateway/build/colav_gateway/prefix_override:/usr/lib/python3/dist-packages/colcon_core/task/python/colcon_distutils_commands:/home/3507145@eeecs.qub.ac.uk/Documents/ColavProject/colav_ws/src/colav_server/colav_gateway/install/colav_gateway/lib/python3.10/site-packages:${PYTHONPATH} /usr/bin/python3 -W ignore:setup.py install is deprecated -W ignore:easy_install command is deprecated setup.py egg_info --egg-base build/colav_gateway build --build-base /home/3507145@eeecs.qub.ac.uk/Documents/ColavProject/colav_ws/src/colav_server/colav_gateway/build/colav_gateway/build install --record /home/3507145@eeecs.qub.ac.uk/Documents/ColavProject/colav_ws/src/colav_server/colav_gateway/build/colav_gateway/install.log --single-version-externally-managed install_data
[0.862s] DEBUG:colcon.colcon_core.event_handler.log_command:Invoked command in '/home/3507145@eeecs.qub.ac.uk/Documents/ColavProject/colav_ws/src/colav_server/colav_gateway' returned '0': PYTHONPATH=/home/3507145@eeecs.qub.ac.uk/Documents/ColavProject/colav_ws/src/colav_server/colav_gateway/build/colav_gateway/prefix_override:/usr/lib/python3/dist-packages/colcon_core/task/python/colcon_distutils_commands:/home/3507145@eeecs.qub.ac.uk/Documents/ColavProject/colav_ws/src/colav_server/colav_gateway/install/colav_gateway/lib/python3.10/site-packages:${PYTHONPATH} /usr/bin/python3 -W ignore:setup.py install is deprecated -W ignore:easy_install command is deprecated setup.py egg_info --egg-base build/colav_gateway build --build-base /home/3507145@eeecs.qub.ac.uk/Documents/ColavProject/colav_ws/src/colav_server/colav_gateway/build/colav_gateway/build install --record /home/3507145@eeecs.qub.ac.uk/Documents/ColavProject/colav_ws/src/colav_server/colav_gateway/build/colav_gateway/install.log --single-version-externally-managed install_data
[0.864s] Level 1:colcon.colcon_core.environment:checking '/home/3507145@eeecs.qub.ac.uk/Documents/ColavProject/colav_ws/src/colav_server/colav_gateway/install/colav_gateway' for CMake module files
[0.864s] Level 1:colcon.colcon_core.environment:checking '/home/3507145@eeecs.qub.ac.uk/Documents/ColavProject/colav_ws/src/colav_server/colav_gateway/install/colav_gateway' for CMake config files
[0.864s] Level 1:colcon.colcon_core.environment:checking '/home/3507145@eeecs.qub.ac.uk/Documents/ColavProject/colav_ws/src/colav_server/colav_gateway/install/colav_gateway/lib'
[0.865s] Level 1:colcon.colcon_core.environment:checking '/home/3507145@eeecs.qub.ac.uk/Documents/ColavProject/colav_ws/src/colav_server/colav_gateway/install/colav_gateway/bin'
[0.865s] Level 1:colcon.colcon_core.environment:checking '/home/3507145@eeecs.qub.ac.uk/Documents/ColavProject/colav_ws/src/colav_server/colav_gateway/install/colav_gateway/lib/pkgconfig/colav_gateway.pc'
[0.865s] Level 1:colcon.colcon_core.environment:checking '/home/3507145@eeecs.qub.ac.uk/Documents/ColavProject/colav_ws/src/colav_server/colav_gateway/install/colav_gateway/lib/python3.10/site-packages'
[0.865s] Level 1:colcon.colcon_core.shell:create_environment_hook('colav_gateway', 'pythonpath')
[0.865s] INFO:colcon.colcon_core.shell:Creating environment hook '/home/3507145@eeecs.qub.ac.uk/Documents/ColavProject/colav_ws/src/colav_server/colav_gateway/install/colav_gateway/share/colav_gateway/hook/pythonpath.ps1'
[0.865s] INFO:colcon.colcon_core.shell:Creating environment descriptor '/home/3507145@eeecs.qub.ac.uk/Documents/ColavProject/colav_ws/src/colav_server/colav_gateway/install/colav_gateway/share/colav_gateway/hook/pythonpath.dsv'
[0.866s] INFO:colcon.colcon_core.shell:Creating environment hook '/home/3507145@eeecs.qub.ac.uk/Documents/ColavProject/colav_ws/src/colav_server/colav_gateway/install/colav_gateway/share/colav_gateway/hook/pythonpath.sh'
[0.866s] Level 1:colcon.colcon_core.environment:checking '/home/3507145@eeecs.qub.ac.uk/Documents/ColavProject/colav_ws/src/colav_server/colav_gateway/install/colav_gateway/bin'
[0.866s] Level 1:colcon.colcon_core.environment:create_environment_scripts_only(colav_gateway)
[0.866s] INFO:colcon.colcon_core.shell:Creating package script '/home/3507145@eeecs.qub.ac.uk/Documents/ColavProject/colav_ws/src/colav_server/colav_gateway/install/colav_gateway/share/colav_gateway/package.ps1'
[0.867s] INFO:colcon.colcon_core.shell:Creating package descriptor '/home/3507145@eeecs.qub.ac.uk/Documents/ColavProject/colav_ws/src/colav_server/colav_gateway/install/colav_gateway/share/colav_gateway/package.dsv'
[0.867s] INFO:colcon.colcon_core.shell:Creating package script '/home/3507145@eeecs.qub.ac.uk/Documents/ColavProject/colav_ws/src/colav_server/colav_gateway/install/colav_gateway/share/colav_gateway/package.sh'
[0.867s] INFO:colcon.colcon_core.shell:Creating package script '/home/3507145@eeecs.qub.ac.uk/Documents/ColavProject/colav_ws/src/colav_server/colav_gateway/install/colav_gateway/share/colav_gateway/package.bash'
[0.868s] INFO:colcon.colcon_core.shell:Creating package script '/home/3507145@eeecs.qub.ac.uk/Documents/ColavProject/colav_ws/src/colav_server/colav_gateway/install/colav_gateway/share/colav_gateway/package.zsh'
[0.868s] Level 1:colcon.colcon_core.environment:create_file_with_runtime_dependencies(/home/3507145@eeecs.qub.ac.uk/Documents/ColavProject/colav_ws/src/colav_server/colav_gateway/install/colav_gateway/share/colcon-core/packages/colav_gateway)
[0.869s] DEBUG:colcon.colcon_parallel_executor.executor.parallel:closing loop
[0.869s] DEBUG:colcon.colcon_parallel_executor.executor.parallel:loop closed
[0.869s] DEBUG:colcon.colcon_parallel_executor.executor.parallel:run_until_complete finished with '0'
[0.869s] DEBUG:colcon.colcon_core.event_reactor:joining thread
[0.873s] INFO:colcon.colcon_core.plugin_system:Skipping extension 'colcon_notification.desktop_notification.terminal_notifier': Not used on non-Darwin systems
[0.873s] INFO:colcon.colcon_core.plugin_system:Skipping extension 'colcon_notification.desktop_notification.win32': Not used on non-Windows systems
[0.873s] INFO:colcon.colcon_notification.desktop_notification:Sending desktop notification using 'notify2'
[0.884s] DEBUG:colcon.colcon_core.event_reactor:joined thread
[0.884s] INFO:colcon.colcon_core.shell:Creating prefix script '/home/3507145@eeecs.qub.ac.uk/Documents/ColavProject/colav_ws/src/colav_server/colav_gateway/install/local_setup.ps1'
[0.885s] INFO:colcon.colcon_core.shell:Creating prefix util module '/home/3507145@eeecs.qub.ac.uk/Documents/ColavProject/colav_ws/src/colav_server/colav_gateway/install/_local_setup_util_ps1.py'
[0.886s] INFO:colcon.colcon_core.shell:Creating prefix chain script '/home/3507145@eeecs.qub.ac.uk/Documents/ColavProject/colav_ws/src/colav_server/colav_gateway/install/setup.ps1'
[0.886s] INFO:colcon.colcon_core.shell:Creating prefix script '/home/3507145@eeecs.qub.ac.uk/Documents/ColavProject/colav_ws/src/colav_server/colav_gateway/install/local_setup.sh'
[0.887s] INFO:colcon.colcon_core.shell:Creating prefix util module '/home/3507145@eeecs.qub.ac.uk/Documents/ColavProject/colav_ws/src/colav_server/colav_gateway/install/_local_setup_util_sh.py'
[0.887s] INFO:colcon.colcon_core.shell:Creating prefix chain script '/home/3507145@eeecs.qub.ac.uk/Documents/ColavProject/colav_ws/src/colav_server/colav_gateway/install/setup.sh'
[0.888s] INFO:colcon.colcon_core.shell:Creating prefix script '/home/3507145@eeecs.qub.ac.uk/Documents/ColavProject/colav_ws/src/colav_server/colav_gateway/install/local_setup.bash'
[0.888s] INFO:colcon.colcon_core.shell:Creating prefix chain script '/home/3507145@eeecs.qub.ac.uk/Documents/ColavProject/colav_ws/src/colav_server/colav_gateway/install/setup.bash'
[0.889s] INFO:colcon.colcon_core.shell:Creating prefix script '/home/3507145@eeecs.qub.ac.uk/Documents/ColavProject/colav_ws/src/colav_server/colav_gateway/install/local_setup.zsh'
[0.889s] INFO:colcon.colcon_core.shell:Creating prefix chain script '/home/3507145@eeecs.qub.ac.uk/Documents/ColavProject/colav_ws/src/colav_server/colav_gateway/install/setup.zsh'
